14-10-2024 11:54:27.58 - INFO - Started validation of input parameters...
14-10-2024 11:54:27.58 - INFO - Completed validation of input parameters
14-10-2024 11:54:27.58 - INFO - Skipped handling of duplicates
14-10-2024 11:54:27.58 - INFO - Skipped handling of missing values
14-10-2024 11:54:27.58 - INFO - Started handling of outliers... Method: "WINZ"
14-10-2024 11:54:27.59 - DEBUG - Outlier imputation of 11 value(s) succeeded for feature "total_passengers"
14-10-2024 11:54:27.60 - DEBUG - Outlier imputation of 10 value(s) succeeded for feature "avg_passengers"
14-10-2024 11:54:27.61 - DEBUG - Outlier imputation of 8 value(s) succeeded for feature "median_passengers"
14-10-2024 11:54:27.61 - DEBUG - Outlier imputation of 4 value(s) succeeded for feature "Airline_count"
14-10-2024 11:54:27.61 - DEBUG - Outlier imputation of 1 value(s) succeeded for feature "International_A"
14-10-2024 11:54:27.62 - DEBUG - Outlier imputation of 15 value(s) succeeded for feature "International_G"
14-10-2024 11:54:27.63 - DEBUG - Outlier imputation of 4 value(s) succeeded for feature "Other_Other"
14-10-2024 11:54:27.63 - DEBUG - Outlier imputation of 2 value(s) succeeded for feature "Terminal 1_A"
14-10-2024 11:54:27.64 - DEBUG - Outlier imputation of 17 value(s) succeeded for feature "Terminal 1_B"
14-10-2024 11:54:27.65 - DEBUG - Outlier imputation of 13 value(s) succeeded for feature "Terminal 1_C"
14-10-2024 11:54:27.66 - DEBUG - Outlier imputation of 3 value(s) succeeded for feature "Terminal 2_D"
14-10-2024 11:54:27.66 - DEBUG - Outlier imputation of 8 value(s) succeeded for feature "Terminal 3_E"
14-10-2024 11:54:27.67 - DEBUG - Outlier imputation of 3 value(s) succeeded for feature "Terminal 3_F"
14-10-2024 11:54:27.67 - DEBUG - Outlier imputation of 8 value(s) succeeded for feature "2005_Fall"
14-10-2024 11:54:27.69 - DEBUG - Outlier imputation of 10 value(s) succeeded for feature "2005_Summer"
14-10-2024 11:54:27.69 - DEBUG - Outlier imputation of 8 value(s) succeeded for feature "2005_Winter"
14-10-2024 11:54:27.70 - DEBUG - Outlier imputation of 9 value(s) succeeded for feature "2006_Fall"
14-10-2024 11:54:27.71 - DEBUG - Outlier imputation of 9 value(s) succeeded for feature "2006_Spring"
14-10-2024 11:54:27.72 - DEBUG - Outlier imputation of 9 value(s) succeeded for feature "2006_Summer"
14-10-2024 11:54:27.72 - DEBUG - Outlier imputation of 8 value(s) succeeded for feature "2006_Winter"
14-10-2024 11:54:27.74 - DEBUG - Outlier imputation of 11 value(s) succeeded for feature "2007_Fall"
14-10-2024 11:54:27.74 - DEBUG - Outlier imputation of 8 value(s) succeeded for feature "2007_Spring"
14-10-2024 11:54:27.75 - DEBUG - Outlier imputation of 9 value(s) succeeded for feature "2007_Summer"
14-10-2024 11:54:27.75 - DEBUG - Outlier imputation of 9 value(s) succeeded for feature "2007_Winter"
14-10-2024 11:54:27.76 - DEBUG - Outlier imputation of 10 value(s) succeeded for feature "2008_Fall"
14-10-2024 11:54:27.76 - DEBUG - Outlier imputation of 10 value(s) succeeded for feature "2008_Spring"
14-10-2024 11:54:27.77 - DEBUG - Outlier imputation of 10 value(s) succeeded for feature "2008_Summer"
14-10-2024 11:54:27.78 - DEBUG - Outlier imputation of 10 value(s) succeeded for feature "2008_Winter"
14-10-2024 11:54:27.78 - DEBUG - Outlier imputation of 10 value(s) succeeded for feature "2009_Fall"
14-10-2024 11:54:27.79 - DEBUG - Outlier imputation of 10 value(s) succeeded for feature "2009_Spring"
14-10-2024 11:54:27.80 - DEBUG - Outlier imputation of 11 value(s) succeeded for feature "2009_Summer"
14-10-2024 11:54:27.80 - DEBUG - Outlier imputation of 10 value(s) succeeded for feature "2009_Winter"
14-10-2024 11:54:27.81 - DEBUG - Outlier imputation of 10 value(s) succeeded for feature "2010_Fall"
14-10-2024 11:54:27.82 - DEBUG - Outlier imputation of 10 value(s) succeeded for feature "2010_Spring"
14-10-2024 11:54:27.82 - DEBUG - Outlier imputation of 11 value(s) succeeded for feature "2010_Summer"
14-10-2024 11:54:27.83 - DEBUG - Outlier imputation of 10 value(s) succeeded for feature "2010_Winter"
14-10-2024 11:54:27.84 - DEBUG - Outlier imputation of 10 value(s) succeeded for feature "2011_Fall"
14-10-2024 11:54:27.84 - DEBUG - Outlier imputation of 10 value(s) succeeded for feature "2011_Spring"
14-10-2024 11:54:27.85 - DEBUG - Outlier imputation of 11 value(s) succeeded for feature "2011_Summer"
14-10-2024 11:54:27.86 - DEBUG - Outlier imputation of 10 value(s) succeeded for feature "2011_Winter"
14-10-2024 11:54:27.86 - DEBUG - Outlier imputation of 10 value(s) succeeded for feature "2012_Fall"
14-10-2024 11:54:27.87 - DEBUG - Outlier imputation of 10 value(s) succeeded for feature "2012_Spring"
14-10-2024 11:54:27.88 - DEBUG - Outlier imputation of 10 value(s) succeeded for feature "2012_Summer"
14-10-2024 11:54:27.88 - DEBUG - Outlier imputation of 10 value(s) succeeded for feature "2012_Winter"
14-10-2024 11:54:27.89 - DEBUG - Outlier imputation of 11 value(s) succeeded for feature "2013_Fall"
14-10-2024 11:54:27.90 - DEBUG - Outlier imputation of 10 value(s) succeeded for feature "2013_Spring"
14-10-2024 11:54:27.91 - DEBUG - Outlier imputation of 11 value(s) succeeded for feature "2013_Summer"
14-10-2024 11:54:27.91 - DEBUG - Outlier imputation of 10 value(s) succeeded for feature "2013_Winter"
14-10-2024 11:54:27.92 - DEBUG - Outlier imputation of 11 value(s) succeeded for feature "2014_Fall"
14-10-2024 11:54:27.93 - DEBUG - Outlier imputation of 11 value(s) succeeded for feature "2014_Spring"
14-10-2024 11:54:27.94 - DEBUG - Outlier imputation of 11 value(s) succeeded for feature "2014_Summer"
14-10-2024 11:54:27.94 - DEBUG - Outlier imputation of 10 value(s) succeeded for feature "2014_Winter"
14-10-2024 11:54:27.95 - DEBUG - Outlier imputation of 10 value(s) succeeded for feature "2015_Fall"
14-10-2024 11:54:27.96 - DEBUG - Outlier imputation of 10 value(s) succeeded for feature "2015_Spring"
14-10-2024 11:54:27.96 - DEBUG - Outlier imputation of 11 value(s) succeeded for feature "2015_Summer"
14-10-2024 11:54:27.97 - DEBUG - Outlier imputation of 9 value(s) succeeded for feature "2015_Winter"
14-10-2024 11:54:27.98 - DEBUG - Outlier imputation of 10 value(s) succeeded for feature "2016_Spring"
14-10-2024 11:54:27.98 - DEBUG - Outlier imputation of 8 value(s) succeeded for feature "2016_Winter"
14-10-2024 11:54:27.98 - INFO - Completed handling of outliers in 0.402916 seconds
14-10-2024 11:54:27.98 - INFO - Skipped datetime feature conversion
14-10-2024 11:54:27.98 - INFO - Skipped encoding of categorical features
14-10-2024 11:54:27.98 - INFO - Started feature type conversion...
14-10-2024 11:54:27.98 - DEBUG - Conversion to type INT succeeded for feature "total_passengers"
14-10-2024 11:54:27.99 - DEBUG - Conversion to type FLOAT succeeded for feature "avg_passengers"
14-10-2024 11:54:27.99 - DEBUG - Conversion to type FLOAT succeeded for feature "median_passengers"
14-10-2024 11:54:27.99 - DEBUG - Conversion to type INT succeeded for feature "Airline_count"
14-10-2024 11:54:27.99 - DEBUG - Conversion to type INT succeeded for feature "International_A"
14-10-2024 11:54:27.99 - DEBUG - Conversion to type INT succeeded for feature "International_G"
14-10-2024 11:54:27.99 - DEBUG - Conversion to type INT succeeded for feature "Other_Other"
14-10-2024 11:54:27.99 - DEBUG - Conversion to type INT succeeded for feature "Terminal 1_A"
14-10-2024 11:54:27.99 - DEBUG - Conversion to type INT succeeded for feature "Terminal 1_B"
14-10-2024 11:54:27.99 - DEBUG - Conversion to type INT succeeded for feature "Terminal 1_C"
14-10-2024 11:54:27.99 - DEBUG - Conversion to type INT succeeded for feature "Terminal 2_D"
14-10-2024 11:54:27.99 - DEBUG - Conversion to type INT succeeded for feature "Terminal 3_E"
14-10-2024 11:54:27.99 - DEBUG - Conversion to type INT succeeded for feature "Terminal 3_F"
14-10-2024 11:54:27.99 - DEBUG - Conversion to type INT succeeded for feature "2005_Fall"
14-10-2024 11:54:27.99 - DEBUG - Conversion to type INT succeeded for feature "2005_Summer"
14-10-2024 11:54:27.99 - DEBUG - Conversion to type INT succeeded for feature "2005_Winter"
14-10-2024 11:54:27.99 - DEBUG - Conversion to type INT succeeded for feature "2006_Fall"
14-10-2024 11:54:27.99 - DEBUG - Conversion to type INT succeeded for feature "2006_Spring"
14-10-2024 11:54:27.99 - DEBUG - Conversion to type INT succeeded for feature "2006_Summer"
14-10-2024 11:54:27.99 - DEBUG - Conversion to type INT succeeded for feature "2006_Winter"
14-10-2024 11:54:27.99 - DEBUG - Conversion to type INT succeeded for feature "2007_Fall"
14-10-2024 11:54:28.00 - DEBUG - Conversion to type INT succeeded for feature "2007_Spring"
14-10-2024 11:54:28.00 - DEBUG - Conversion to type INT succeeded for feature "2007_Summer"
14-10-2024 11:54:28.00 - DEBUG - Conversion to type INT succeeded for feature "2007_Winter"
14-10-2024 11:54:28.00 - DEBUG - Conversion to type INT succeeded for feature "2008_Fall"
14-10-2024 11:54:28.00 - DEBUG - Conversion to type INT succeeded for feature "2008_Spring"
14-10-2024 11:54:28.00 - DEBUG - Conversion to type INT succeeded for feature "2008_Summer"
14-10-2024 11:54:28.00 - DEBUG - Conversion to type INT succeeded for feature "2008_Winter"
14-10-2024 11:54:28.00 - DEBUG - Conversion to type INT succeeded for feature "2009_Fall"
14-10-2024 11:54:28.00 - DEBUG - Conversion to type INT succeeded for feature "2009_Spring"
14-10-2024 11:54:28.00 - DEBUG - Conversion to type INT succeeded for feature "2009_Summer"
14-10-2024 11:54:28.00 - DEBUG - Conversion to type INT succeeded for feature "2009_Winter"
14-10-2024 11:54:28.00 - DEBUG - Conversion to type INT succeeded for feature "2010_Fall"
14-10-2024 11:54:28.00 - DEBUG - Conversion to type INT succeeded for feature "2010_Spring"
14-10-2024 11:54:28.00 - DEBUG - Conversion to type INT succeeded for feature "2010_Summer"
14-10-2024 11:54:28.00 - DEBUG - Conversion to type INT succeeded for feature "2010_Winter"
14-10-2024 11:54:28.00 - DEBUG - Conversion to type INT succeeded for feature "2011_Fall"
14-10-2024 11:54:28.00 - DEBUG - Conversion to type INT succeeded for feature "2011_Spring"
14-10-2024 11:54:28.00 - DEBUG - Conversion to type INT succeeded for feature "2011_Summer"
14-10-2024 11:54:28.00 - DEBUG - Conversion to type INT succeeded for feature "2011_Winter"
14-10-2024 11:54:28.00 - DEBUG - Conversion to type INT succeeded for feature "2012_Fall"
14-10-2024 11:54:28.00 - DEBUG - Conversion to type INT succeeded for feature "2012_Spring"
14-10-2024 11:54:28.01 - DEBUG - Conversion to type INT succeeded for feature "2012_Summer"
14-10-2024 11:54:28.01 - DEBUG - Conversion to type INT succeeded for feature "2012_Winter"
14-10-2024 11:54:28.01 - DEBUG - Conversion to type INT succeeded for feature "2013_Fall"
14-10-2024 11:54:28.01 - DEBUG - Conversion to type INT succeeded for feature "2013_Spring"
14-10-2024 11:54:28.01 - DEBUG - Conversion to type INT succeeded for feature "2013_Summer"
14-10-2024 11:54:28.01 - DEBUG - Conversion to type INT succeeded for feature "2013_Winter"
14-10-2024 11:54:28.01 - DEBUG - Conversion to type INT succeeded for feature "2014_Fall"
14-10-2024 11:54:28.01 - DEBUG - Conversion to type INT succeeded for feature "2014_Spring"
14-10-2024 11:54:28.01 - DEBUG - Conversion to type INT succeeded for feature "2014_Summer"
14-10-2024 11:54:28.01 - DEBUG - Conversion to type INT succeeded for feature "2014_Winter"
14-10-2024 11:54:28.01 - DEBUG - Conversion to type INT succeeded for feature "2015_Fall"
14-10-2024 11:54:28.01 - DEBUG - Conversion to type INT succeeded for feature "2015_Spring"
14-10-2024 11:54:28.01 - DEBUG - Conversion to type INT succeeded for feature "2015_Summer"
14-10-2024 11:54:28.01 - DEBUG - Conversion to type INT succeeded for feature "2015_Winter"
14-10-2024 11:54:28.01 - DEBUG - Conversion to type INT succeeded for feature "2016_Spring"
14-10-2024 11:54:28.01 - DEBUG - Conversion to type INT succeeded for feature "2016_Winter"
14-10-2024 11:54:28.01 - INFO - Completed feature type conversion for 58 feature(s) in 0.030366 seconds
14-10-2024 11:54:28.01 - INFO - AutoClean process completed in 0.438173 seconds
